app/build/intermediates/manifest_merge_blame_file/debug/processDebugMainManifest/manifest-merger-blame-debug-report.txt
1<?xml version="1.0" encoding="utf-8"?>
2<manifest xmlns:android="http://schemas.android.com/apk/res/android"
3    package="com.chatassistantmobile"
4    android:versionCode="1"
5    android:versionName="1.0" >
6
7    <uses-sdk
8        android:minSdkVersion="26"
9        android:targetSdkVersion="34" />
10
11    <uses-permission android:name="android.permission.INTERNET" />
11-->src/main/AndroidManifest.xml:4:5-67
11-->src/main/AndroidManifest.xml:4:22-64
12    <uses-permission android:name="android.permission.SYSTEM_ALERT_WINDOW" />
12-->src/main/AndroidManifest.xml:5:5-78
12-->src/main/AndroidManifest.xml:5:22-75
13    <uses-permission android:name="android.permission.FOREGROUND_SERVICE" />
13-->src/main/AndroidManifest.xml:6:5-77
13-->src/main/AndroidManifest.xml:6:22-74
14    <uses-permission android:name="android.permission.WAKE_LOCK" />
14-->[androidx.work:work-runtime:2.7.1] AndroidManifest.xml:25:5-68
14-->[androidx.work:work-runtime:2.7.1] AndroidManifest.xml:25:22-65
15    <uses-permission android:name="android.permission.ACCESS_NETWORK_STATE" />
15-->[androidx.work:work-runtime:2.7.1] AndroidManifest.xml:26:5-79
15-->[androidx.work:work-runtime:2.7.1] AndroidManifest.xml:26:22-76
16    <uses-permission android:name="android.permission.RECEIVE_BOOT_COMPLETED" />
16-->[androidx.work:work-runtime:2.7.1] AndroidManifest.xml:27:5-81
16-->[androidx.work:work-runtime:2.7.1] AndroidManifest.xml:27:22-78
17
18    <permission
18-->[androidx.core:core:1.13.1] AndroidManifest.xml:22:5-24:47
19        android:name="com.chatassistantmobile.DYNAMIC_RECEIVER_NOT_EXPORTED_PERMISSION"
19-->[androidx.core:core:1.13.1] AndroidManifest.xml:23:9-81
20        android:protectionLevel="signature" />
20-->[androidx.core:core:1.13.1] AndroidManifest.xml:24:9-44
21
22    <uses-permission android:name="com.chatassistantmobile.DYNAMIC_RECEIVER_NOT_EXPORTED_PERMISSION" />
22-->[androidx.core:core:1.13.1] AndroidManifest.xml:26:5-97
22-->[androidx.core:core:1.13.1] AndroidManifest.xml:26:22-94
23
24    <application
24-->src/main/AndroidManifest.xml:8:5-66:19
25        android:name="com.chatassistantmobile.ChatAssistantApplication"
25-->src/main/AndroidManifest.xml:9:9-49
26        android:allowBackup="true"
26-->src/main/AndroidManifest.xml:10:9-35
27        android:appComponentFactory="androidx.core.app.CoreComponentFactory"
27-->[androidx.core:core:1.13.1] AndroidManifest.xml:28:18-86
28        android:dataExtractionRules="@xml/data_extraction_rules"
28-->src/main/AndroidManifest.xml:11:9-65
29        android:debuggable="true"
30        android:extractNativeLibs="false"
31        android:fullBackupContent="@xml/backup_rules"
31-->src/main/AndroidManifest.xml:12:9-54
32        android:label="@string/app_name"
32-->src/main/AndroidManifest.xml:13:9-41
33        android:supportsRtl="true"
33-->src/main/AndroidManifest.xml:14:9-35
34        android:testOnly="true"
35        android:theme="@style/Theme.ChatAssistantMobile"
35-->src/main/AndroidManifest.xml:15:9-57
36        android:usesCleartextTraffic="true" >
36-->src/debug/AndroidManifest.xml:5:9-44
37        <activity
37-->src/main/AndroidManifest.xml:16:9-24:20
38            android:name="com.chatassistantmobile.MainActivity"
38-->src/main/AndroidManifest.xml:17:13-41
39            android:exported="true" >
39-->src/main/AndroidManifest.xml:18:13-36
40            <intent-filter>
40-->src/main/AndroidManifest.xml:19:13-23:29
41                <action android:name="android.intent.action.MAIN" />
41-->src/main/AndroidManifest.xml:20:17-69
41-->src/main/AndroidManifest.xml:20:25-66
42
43                <category android:name="android.intent.category.LAUNCHER" />
43-->src/main/AndroidManifest.xml:22:17-77
43-->src/main/AndroidManifest.xml:22:27-74
44            </intent-filter>
45        </activity>
46
47        <service
47-->src/main/AndroidManifest.xml:26:9-34:19
48            android:name="com.chatassistantmobile.service.notification.ChatNotificationListenerService"
48-->src/main/AndroidManifest.xml:27:13-81
49            android:enabled="true"
49-->src/main/AndroidManifest.xml:28:13-35
50            android:exported="false"
50-->src/main/AndroidManifest.xml:29:13-37
51            android:permission="android.permission.BIND_NOTIFICATION_LISTENER_SERVICE" >
51-->src/main/AndroidManifest.xml:30:13-87
52            <intent-filter>
52-->src/main/AndroidManifest.xml:31:13-33:29
53                <action android:name="android.service.notification.NotificationListenerService" />
53-->src/main/AndroidManifest.xml:32:17-99
53-->src/main/AndroidManifest.xml:32:25-96
54            </intent-filter>
55        </service>
56        <service
56-->src/main/AndroidManifest.xml:36:9-48:19
57            android:name="com.chatassistantmobile.service.accessibility.ChatAccessibilityService"
57-->src/main/AndroidManifest.xml:37:13-75
58            android:enabled="true"
58-->src/main/AndroidManifest.xml:38:13-35
59            android:exported="false"
59-->src/main/AndroidManifest.xml:39:13-37
60            android:permission="android.permission.BIND_ACCESSIBILITY_SERVICE" >
60-->src/main/AndroidManifest.xml:40:13-79
61            <intent-filter>
61-->src/main/AndroidManifest.xml:41:13-43:29
62                <action android:name="android.accessibilityservice.AccessibilityService" />
62-->src/main/AndroidManifest.xml:42:17-92
62-->src/main/AndroidManifest.xml:42:25-89
63            </intent-filter>
64
65            <meta-data
65-->src/main/AndroidManifest.xml:45:13-47:72
66                android:name="android.accessibilityservice"
66-->src/main/AndroidManifest.xml:46:17-60
67                android:resource="@xml/accessibility_service_config" />
67-->src/main/AndroidManifest.xml:47:17-69
68        </service>
69        <service
69-->src/main/AndroidManifest.xml:50:9-53:40
70            android:name="com.chatassistantmobile.service.overlay.FloatingBubbleService"
70-->src/main/AndroidManifest.xml:51:13-66
71            android:enabled="true"
71-->src/main/AndroidManifest.xml:52:13-35
72            android:exported="false" />
72-->src/main/AndroidManifest.xml:53:13-37
73
74        <receiver
74-->src/main/AndroidManifest.xml:55:9-65:20
75            android:name="com.chatassistantmobile.ui.widget.glance.LatestSuggestionWidgetReceiver"
75-->src/main/AndroidManifest.xml:56:13-76
76            android:exported="true" >
76-->src/main/AndroidManifest.xml:57:13-36
77            <intent-filter>
77-->src/main/AndroidManifest.xml:58:13-60:29
78                <action android:name="android.appwidget.action.APPWIDGET_UPDATE" />
78-->src/main/AndroidManifest.xml:59:17-84
78-->src/main/AndroidManifest.xml:59:25-81
79            </intent-filter>
80
81            <meta-data
81-->src/main/AndroidManifest.xml:62:13-64:73
82                android:name="android.appwidget.provider"
82-->src/main/AndroidManifest.xml:63:17-58
83                android:resource="@xml/latest_suggestion_widget_info" />
83-->src/main/AndroidManifest.xml:64:17-70
84        </receiver>
85
86        <activity
86-->[androidx.glance:glance-appwidget:1.1.1] AndroidManifest.xml:23:9-28:62
87            android:name="androidx.glance.appwidget.action.ActionTrampolineActivity"
87-->[androidx.glance:glance-appwidget:1.1.1] AndroidManifest.xml:24:13-85
88            android:enabled="true"
88-->[androidx.glance:glance-appwidget:1.1.1] AndroidManifest.xml:25:13-35
89            android:excludeFromRecents="true"
89-->[androidx.glance:glance-appwidget:1.1.1] AndroidManifest.xml:26:13-46
90            android:exported="false"
90-->[androidx.glance:glance-appwidget:1.1.1] AndroidManifest.xml:27:13-37
91            android:theme="@android:style/Theme.NoDisplay" />
91-->[androidx.glance:glance-appwidget:1.1.1] AndroidManifest.xml:28:13-59
92        <activity
92-->[androidx.glance:glance-appwidget:1.1.1] AndroidManifest.xml:29:9-36:81
93            android:name="androidx.glance.appwidget.action.InvisibleActionTrampolineActivity"
93-->[androidx.glance:glance-appwidget:1.1.1] AndroidManifest.xml:30:13-94
94            android:enabled="true"
94-->[androidx.glance:glance-appwidget:1.1.1] AndroidManifest.xml:31:13-35
95            android:exported="false"
95-->[androidx.glance:glance-appwidget:1.1.1] AndroidManifest.xml:32:13-37
96            android:launchMode="singleInstance"
96-->[androidx.glance:glance-appwidget:1.1.1] AndroidManifest.xml:33:13-48
97            android:noHistory="true"
97-->[androidx.glance:glance-appwidget:1.1.1] AndroidManifest.xml:34:13-37
98            android:taskAffinity="androidx.glance.appwidget.ListAdapterCallbackTrampoline"
98-->[androidx.glance:glance-appwidget:1.1.1] AndroidManifest.xml:35:13-91
99            android:theme="@style/Widget.Glance.AppWidget.CallbackTrampoline" />
99-->[androidx.glance:glance-appwidget:1.1.1] AndroidManifest.xml:36:13-78
100
101        <receiver
101-->[androidx.glance:glance-appwidget:1.1.1] AndroidManifest.xml:38:9-41:40
102            android:name="androidx.glance.appwidget.action.ActionCallbackBroadcastReceiver"
102-->[androidx.glance:glance-appwidget:1.1.1] AndroidManifest.xml:39:13-92
103            android:enabled="true"
103-->[androidx.glance:glance-appwidget:1.1.1] AndroidManifest.xml:40:13-35
104            android:exported="false" />
104-->[androidx.glance:glance-appwidget:1.1.1] AndroidManifest.xml:41:13-37
105        <receiver
105-->[androidx.glance:glance-appwidget:1.1.1] AndroidManifest.xml:42:9-45:40
106            android:name="androidx.glance.appwidget.UnmanagedSessionReceiver"
106-->[androidx.glance:glance-appwidget:1.1.1] AndroidManifest.xml:43:13-78
107            android:enabled="true"
107-->[androidx.glance:glance-appwidget:1.1.1] AndroidManifest.xml:44:13-35
108            android:exported="false" />
108-->[androidx.glance:glance-appwidget:1.1.1] AndroidManifest.xml:45:13-37
109        <receiver
109-->[androidx.glance:glance-appwidget:1.1.1] AndroidManifest.xml:46:9-53:20
110            android:name="androidx.glance.appwidget.MyPackageReplacedReceiver"
110-->[androidx.glance:glance-appwidget:1.1.1] AndroidManifest.xml:47:13-79
111            android:enabled="true"
111-->[androidx.glance:glance-appwidget:1.1.1] AndroidManifest.xml:48:13-35
112            android:exported="false" >
112-->[androidx.glance:glance-appwidget:1.1.1] AndroidManifest.xml:49:13-37
113            <intent-filter>
113-->[androidx.glance:glance-appwidget:1.1.1] AndroidManifest.xml:50:13-52:29
114                <action android:name="android.intent.action.MY_PACKAGE_REPLACED" />
114-->[androidx.glance:glance-appwidget:1.1.1] AndroidManifest.xml:51:17-84
114-->[androidx.glance:glance-appwidget:1.1.1] AndroidManifest.xml:51:25-81
115            </intent-filter>
116        </receiver>
117
118        <service
118-->[androidx.glance:glance-appwidget:1.1.1] AndroidManifest.xml:55:9-58:72
119            android:name="androidx.glance.appwidget.GlanceRemoteViewsService"
119-->[androidx.glance:glance-appwidget:1.1.1] AndroidManifest.xml:56:13-78
120            android:exported="true"
120-->[androidx.glance:glance-appwidget:1.1.1] AndroidManifest.xml:57:13-36
121            android:permission="android.permission.BIND_REMOTEVIEWS" />
121-->[androidx.glance:glance-appwidget:1.1.1] AndroidManifest.xml:58:13-69
122
123        <provider
123-->[androidx.work:work-runtime:2.7.1] AndroidManifest.xml:31:9-39:20
124            android:name="androidx.startup.InitializationProvider"
124-->[androidx.work:work-runtime:2.7.1] AndroidManifest.xml:32:13-67
125            android:authorities="com.chatassistantmobile.androidx-startup"
125-->[androidx.work:work-runtime:2.7.1] AndroidManifest.xml:33:13-68
126            android:exported="false" >
126-->[androidx.work:work-runtime:2.7.1] AndroidManifest.xml:34:13-37
127            <meta-data
127-->[androidx.work:work-runtime:2.7.1] AndroidManifest.xml:36:13-38:52
128                android:name="androidx.work.WorkManagerInitializer"
128-->[androidx.work:work-runtime:2.7.1] AndroidManifest.xml:37:17-68
129                android:value="androidx.startup" />
129-->[androidx.work:work-runtime:2.7.1] AndroidManifest.xml:38:17-49
130            <meta-data
130-->[androidx.emoji2:emoji2:1.3.0] AndroidManifest.xml:29:13-31:52
131                android:name="androidx.emoji2.text.EmojiCompatInitializer"
131-->[androidx.emoji2:emoji2:1.3.0] AndroidManifest.xml:30:17-75
132                android:value="androidx.startup" />
132-->[androidx.emoji2:emoji2:1.3.0] AndroidManifest.xml:31:17-49
133            <meta-data
133-->[androidx.lifecycle:lifecycle-process:2.8.4] AndroidManifest.xml:29:13-31:52
134                android:name="androidx.lifecycle.ProcessLifecycleInitializer"
134-->[androidx.lifecycle:lifecycle-process:2.8.4] AndroidManifest.xml:30:17-78
135                android:value="androidx.startup" />
135-->[androidx.lifecycle:lifecycle-process:2.8.4] AndroidManifest.xml:31:17-49
136            <meta-data
136-->[androidx.profileinstaller:profileinstaller:1.3.1] AndroidManifest.xml:29:13-31:52
137                android:name="androidx.profileinstaller.ProfileInstallerInitializer"
137-->[androidx.profileinstaller:profileinstaller:1.3.1] AndroidManifest.xml:30:17-85
138                android:value="androidx.startup" />
138-->[androidx.profileinstaller:profileinstaller:1.3.1] AndroidManifest.xml:31:17-49
139        </provider>
140
141        <service
141-->[androidx.work:work-runtime:2.7.1] AndroidManifest.xml:41:9-46:35
142            android:name="androidx.work.impl.background.systemalarm.SystemAlarmService"
142-->[androidx.work:work-runtime:2.7.1] AndroidManifest.xml:42:13-88
143            android:directBootAware="false"
143-->[androidx.work:work-runtime:2.7.1] AndroidManifest.xml:43:13-44
144            android:enabled="@bool/enable_system_alarm_service_default"
144-->[androidx.work:work-runtime:2.7.1] AndroidManifest.xml:44:13-72
145            android:exported="false" />
145-->[androidx.work:work-runtime:2.7.1] AndroidManifest.xml:45:13-37
146        <service
146-->[androidx.work:work-runtime:2.7.1] AndroidManifest.xml:47:9-53:35
147            android:name="androidx.work.impl.background.systemjob.SystemJobService"
147-->[androidx.work:work-runtime:2.7.1] AndroidManifest.xml:48:13-84
148            android:directBootAware="false"
148-->[androidx.work:work-runtime:2.7.1] AndroidManifest.xml:49:13-44
149            android:enabled="@bool/enable_system_job_service_default"
149-->[androidx.work:work-runtime:2.7.1] AndroidManifest.xml:50:13-70
150            android:exported="true"
150-->[androidx.work:work-runtime:2.7.1] AndroidManifest.xml:51:13-36
151            android:permission="android.permission.BIND_JOB_SERVICE" />
151-->[androidx.work:work-runtime:2.7.1] AndroidManifest.xml:52:13-69
152        <service
152-->[androidx.work:work-runtime:2.7.1] AndroidManifest.xml:54:9-59:35
153            android:name="androidx.work.impl.foreground.SystemForegroundService"
153-->[androidx.work:work-runtime:2.7.1] AndroidManifest.xml:55:13-81
154            android:directBootAware="false"
154-->[androidx.work:work-runtime:2.7.1] AndroidManifest.xml:56:13-44
155            android:enabled="@bool/enable_system_foreground_service_default"
155-->[androidx.work:work-runtime:2.7.1] AndroidManifest.xml:57:13-77
156            android:exported="false" />
156-->[androidx.work:work-runtime:2.7.1] AndroidManifest.xml:58:13-37
157
158        <receiver
158-->[androidx.work:work-runtime:2.7.1] AndroidManifest.xml:61:9-66:35
159            android:name="androidx.work.impl.utils.ForceStopRunnable$BroadcastReceiver"
159-->[androidx.work:work-runtime:2.7.1] AndroidManifest.xml:62:13-88
160            android:directBootAware="false"
160-->[androidx.work:work-runtime:2.7.1] AndroidManifest.xml:63:13-44
161            android:enabled="true"
161-->[androidx.work:work-runtime:2.7.1] AndroidManifest.xml:64:13-35
162            android:exported="false" />
162-->[androidx.work:work-runtime:2.7.1] AndroidManifest.xml:65:13-37
163        <receiver
163-->[androidx.work:work-runtime:2.7.1] AndroidManifest.xml:67:9-77:20
164            android:name="androidx.work.impl.background.systemalarm.ConstraintProxy$BatteryChargingProxy"
164-->[androidx.work:work-runtime:2.7.1] AndroidManifest.xml:68:13-106
165            android:directBootAware="false"
165-->[androidx.work:work-runtime:2.7.1] AndroidManifest.xml:69:13-44
166            android:enabled="false"
166-->[androidx.work:work-runtime:2.7.1] AndroidManifest.xml:70:13-36
167            android:exported="false" >
167-->[androidx.work:work-runtime:2.7.1] AndroidManifest.xml:71:13-37
168            <intent-filter>
168-->[androidx.work:work-runtime:2.7.1] AndroidManifest.xml:73:13-76:29
169                <action android:name="android.intent.action.ACTION_POWER_CONNECTED" />
169-->[androidx.work:work-runtime:2.7.1] AndroidManifest.xml:74:17-87
169-->[androidx.work:work-runtime:2.7.1] AndroidManifest.xml:74:25-84
170                <action android:name="android.intent.action.ACTION_POWER_DISCONNECTED" />
170-->[androidx.work:work-runtime:2.7.1] AndroidManifest.xml:75:17-90
170-->[androidx.work:work-runtime:2.7.1] AndroidManifest.xml:75:25-87
171            </intent-filter>
172        </receiver>
173        <receiver
173-->[androidx.work:work-runtime:2.7.1] AndroidManifest.xml:78:9-88:20
174            android:name="androidx.work.impl.background.systemalarm.ConstraintProxy$BatteryNotLowProxy"
174-->[androidx.work:work-runtime:2.7.1] AndroidManifest.xml:79:13-104
175            android:directBootAware="false"
175-->[androidx.work:work-runtime:2.7.1] AndroidManifest.xml:80:13-44
176            android:enabled="false"
176-->[androidx.work:work-runtime:2.7.1] AndroidManifest.xml:81:13-36
177            android:exported="false" >
177-->[androidx.work:work-runtime:2.7.1] AndroidManifest.xml:82:13-37
178            <intent-filter>
178-->[androidx.work:work-runtime:2.7.1] AndroidManifest.xml:84:13-87:29
179                <action android:name="android.intent.action.BATTERY_OKAY" />
179-->[androidx.work:work-runtime:2.7.1] AndroidManifest.xml:85:17-77
179-->[androidx.work:work-runtime:2.7.1] AndroidManifest.xml:85:25-74
180                <action android:name="android.intent.action.BATTERY_LOW" />
180-->[androidx.work:work-runtime:2.7.1] AndroidManifest.xml:86:17-76
180-->[androidx.work:work-runtime:2.7.1] AndroidManifest.xml:86:25-73
181            </intent-filter>
182        </receiver>
183        <receiver
183-->[androidx.work:work-runtime:2.7.1] AndroidManifest.xml:89:9-99:20
184            android:name="androidx.work.impl.background.systemalarm.ConstraintProxy$StorageNotLowProxy"
184-->[androidx.work:work-runtime:2.7.1] AndroidManifest.xml:90:13-104
185            android:directBootAware="false"
185-->[androidx.work:work-runtime:2.7.1] AndroidManifest.xml:91:13-44
186            android:enabled="false"
186-->[androidx.work:work-runtime:2.7.1] AndroidManifest.xml:92:13-36
187            android:exported="false" >
187-->[androidx.work:work-runtime:2.7.1] AndroidManifest.xml:93:13-37
188            <intent-filter>
188-->[androidx.work:work-runtime:2.7.1] AndroidManifest.xml:95:13-98:29
189                <action android:name="android.intent.action.DEVICE_STORAGE_LOW" />
189-->[androidx.work:work-runtime:2.7.1] AndroidManifest.xml:96:17-83
189-->[androidx.work:work-runtime:2.7.1] AndroidManifest.xml:96:25-80
190                <action android:name="android.intent.action.DEVICE_STORAGE_OK" />
190-->[androidx.work:work-runtime:2.7.1] AndroidManifest.xml:97:17-82
190-->[androidx.work:work-runtime:2.7.1] AndroidManifest.xml:97:25-79
191            </intent-filter>
192        </receiver>
193        <receiver
193-->[androidx.work:work-runtime:2.7.1] AndroidManifest.xml:100:9-109:20
194            android:name="androidx.work.impl.background.systemalarm.ConstraintProxy$NetworkStateProxy"
194-->[androidx.work:work-runtime:2.7.1] AndroidManifest.xml:101:13-103
195            android:directBootAware="false"
195-->[androidx.work:work-runtime:2.7.1] AndroidManifest.xml:102:13-44
196            android:enabled="false"
196-->[androidx.work:work-runtime:2.7.1] AndroidManifest.xml:103:13-36
197            android:exported="false" >
197-->[androidx.work:work-runtime:2.7.1] AndroidManifest.xml:104:13-37
198            <intent-filter>
198-->[androidx.work:work-runtime:2.7.1] AndroidManifest.xml:106:13-108:29
199                <action android:name="android.net.conn.CONNECTIVITY_CHANGE" />
199-->[androidx.work:work-runtime:2.7.1] AndroidManifest.xml:107:17-79
199-->[androidx.work:work-runtime:2.7.1] AndroidManifest.xml:107:25-76
200            </intent-filter>
201        </receiver>
202        <receiver
202-->[androidx.work:work-runtime:2.7.1] AndroidManifest.xml:110:9-121:20
203            android:name="androidx.work.impl.background.systemalarm.RescheduleReceiver"
203-->[androidx.work:work-runtime:2.7.1] AndroidManifest.xml:111:13-88
204            android:directBootAware="false"
204-->[androidx.work:work-runtime:2.7.1] AndroidManifest.xml:112:13-44
205            android:enabled="false"
205-->[androidx.work:work-runtime:2.7.1] AndroidManifest.xml:113:13-36
206            android:exported="false" >
206-->[androidx.work:work-runtime:2.7.1] AndroidManifest.xml:114:13-37
207            <intent-filter>
207-->[androidx.work:work-runtime:2.7.1] AndroidManifest.xml:116:13-120:29
208                <action android:name="android.intent.action.BOOT_COMPLETED" />
208-->[androidx.work:work-runtime:2.7.1] AndroidManifest.xml:117:17-79
208-->[androidx.work:work-runtime:2.7.1] AndroidManifest.xml:117:25-76
209                <action android:name="android.intent.action.TIME_SET" />
209-->[androidx.work:work-runtime:2.7.1] AndroidManifest.xml:118:17-73
209-->[androidx.work:work-runtime:2.7.1] AndroidManifest.xml:118:25-70
210                <action android:name="android.intent.action.TIMEZONE_CHANGED" />
210-->[androidx.work:work-runtime:2.7.1] AndroidManifest.xml:119:17-81
210-->[androidx.work:work-runtime:2.7.1] AndroidManifest.xml:119:25-78
211            </intent-filter>
212        </receiver>
213        <receiver
213-->[androidx.work:work-runtime:2.7.1] AndroidManifest.xml:122:9-131:20
214            android:name="androidx.work.impl.background.systemalarm.ConstraintProxyUpdateReceiver"
214-->[androidx.work:work-runtime:2.7.1] AndroidManifest.xml:123:13-99
215            android:directBootAware="false"
215-->[androidx.work:work-runtime:2.7.1] AndroidManifest.xml:124:13-44
216            android:enabled="@bool/enable_system_alarm_service_default"
216-->[androidx.work:work-runtime:2.7.1] AndroidManifest.xml:125:13-72
217            android:exported="false" >
217-->[androidx.work:work-runtime:2.7.1] AndroidManifest.xml:126:13-37
218            <intent-filter>
218-->[androidx.work:work-runtime:2.7.1] AndroidManifest.xml:128:13-130:29
219                <action android:name="androidx.work.impl.background.systemalarm.UpdateProxies" />
219-->[androidx.work:work-runtime:2.7.1] AndroidManifest.xml:129:17-98
219-->[androidx.work:work-runtime:2.7.1] AndroidManifest.xml:129:25-95
220            </intent-filter>
221        </receiver>
222        <receiver
222-->[androidx.work:work-runtime:2.7.1] AndroidManifest.xml:132:9-142:20
223            android:name="androidx.work.impl.diagnostics.DiagnosticsReceiver"
223-->[androidx.work:work-runtime:2.7.1] AndroidManifest.xml:133:13-78
224            android:directBootAware="false"
224-->[androidx.work:work-runtime:2.7.1] AndroidManifest.xml:134:13-44
225            android:enabled="true"
225-->[androidx.work:work-runtime:2.7.1] AndroidManifest.xml:135:13-35
226            android:exported="true"
226-->[androidx.work:work-runtime:2.7.1] AndroidManifest.xml:136:13-36
227            android:permission="android.permission.DUMP" >
227-->[androidx.work:work-runtime:2.7.1] AndroidManifest.xml:137:13-57
228            <intent-filter>
228-->[androidx.work:work-runtime:2.7.1] AndroidManifest.xml:139:13-141:29
229                <action android:name="androidx.work.diagnostics.REQUEST_DIAGNOSTICS" />
229-->[androidx.work:work-runtime:2.7.1] AndroidManifest.xml:140:17-88
229-->[androidx.work:work-runtime:2.7.1] AndroidManifest.xml:140:25-85
230            </intent-filter>
231        </receiver>
232
233        <service
233-->[androidx.credentials:credentials-play-services-auth:1.3.0] AndroidManifest.xml:24:9-32:19
234            android:name="androidx.credentials.playservices.CredentialProviderMetadataHolder"
234-->[androidx.credentials:credentials-play-services-auth:1.3.0] AndroidManifest.xml:25:13-94
235            android:enabled="true"
235-->[androidx.credentials:credentials-play-services-auth:1.3.0] AndroidManifest.xml:26:13-35
236            android:exported="false" >
236-->[androidx.credentials:credentials-play-services-auth:1.3.0] AndroidManifest.xml:27:13-37
237            <meta-data
237-->[androidx.credentials:credentials-play-services-auth:1.3.0] AndroidManifest.xml:29:13-31:104
238                android:name="androidx.credentials.CREDENTIAL_PROVIDER_KEY"
238-->[androidx.credentials:credentials-play-services-auth:1.3.0] AndroidManifest.xml:30:17-76
239                android:value="androidx.credentials.playservices.CredentialProviderPlayServicesImpl" />
239-->[androidx.credentials:credentials-play-services-auth:1.3.0] AndroidManifest.xml:31:17-101
240        </service>
241
242        <activity
242-->[androidx.credentials:credentials-play-services-auth:1.3.0] AndroidManifest.xml:34:9-41:20
243            android:name="androidx.credentials.playservices.HiddenActivity"
243-->[androidx.credentials:credentials-play-services-auth:1.3.0] AndroidManifest.xml:35:13-76
244            android:configChanges="orientation|screenSize|screenLayout|keyboardHidden"
244-->[androidx.credentials:credentials-play-services-auth:1.3.0] AndroidManifest.xml:36:13-87
245            android:enabled="true"
245-->[androidx.credentials:credentials-play-services-auth:1.3.0] AndroidManifest.xml:37:13-35
246            android:exported="false"
246-->[androidx.credentials:credentials-play-services-auth:1.3.0] AndroidManifest.xml:38:13-37
247            android:fitsSystemWindows="true"
247-->[androidx.credentials:credentials-play-services-auth:1.3.0] AndroidManifest.xml:39:13-45
248            android:theme="@style/Theme.Hidden" >
248-->[androidx.credentials:credentials-play-services-auth:1.3.0] AndroidManifest.xml:40:13-48
249        </activity>
250        <activity
250-->[com.google.android.gms:play-services-auth:21.1.1] AndroidManifest.xml:23:9-27:75
251            android:name="com.google.android.gms.auth.api.signin.internal.SignInHubActivity"
251-->[com.google.android.gms:play-services-auth:21.1.1] AndroidManifest.xml:24:13-93
252            android:excludeFromRecents="true"
252-->[com.google.android.gms:play-services-auth:21.1.1] AndroidManifest.xml:25:13-46
253            android:exported="false"
253-->[com.google.android.gms:play-services-auth:21.1.1] AndroidManifest.xml:26:13-37
254            android:theme="@android:style/Theme.Translucent.NoTitleBar" />
254-->[com.google.android.gms:play-services-auth:21.1.1] AndroidManifest.xml:27:13-72
255        <!--
256            Service handling Google Sign-In user revocation. For apps that do not integrate with
257            Google Sign-In, this service will never be started.
258        -->
259        <service
259-->[com.google.android.gms:play-services-auth:21.1.1] AndroidManifest.xml:33:9-37:51
260            android:name="com.google.android.gms.auth.api.signin.RevocationBoundService"
260-->[com.google.android.gms:play-services-auth:21.1.1] AndroidManifest.xml:34:13-89
261            android:exported="true"
261-->[com.google.android.gms:play-services-auth:21.1.1] AndroidManifest.xml:35:13-36
262            android:permission="com.google.android.gms.auth.api.signin.permission.REVOCATION_NOTIFICATION"
262-->[com.google.android.gms:play-services-auth:21.1.1] AndroidManifest.xml:36:13-107
263            android:visibleToInstantApps="true" />
263-->[com.google.android.gms:play-services-auth:21.1.1] AndroidManifest.xml:37:13-48
264
265        <activity
265-->[com.google.android.gms:play-services-base:18.3.0] AndroidManifest.xml:20:9-22:45
266            android:name="com.google.android.gms.common.api.GoogleApiActivity"
266-->[com.google.android.gms:play-services-base:18.3.0] AndroidManifest.xml:20:19-85
267            android:exported="false"
267-->[com.google.android.gms:play-services-base:18.3.0] AndroidManifest.xml:22:19-43
268            android:theme="@android:style/Theme.Translucent.NoTitleBar" />
268-->[com.google.android.gms:play-services-base:18.3.0] AndroidManifest.xml:21:19-78
269
270        <meta-data
270-->[com.google.android.gms:play-services-basement:18.3.0] AndroidManifest.xml:21:9-23:69
271            android:name="com.google.android.gms.version"
271-->[com.google.android.gms:play-services-basement:18.3.0] AndroidManifest.xml:22:13-58
272            android:value="@integer/google_play_services_version" />
272-->[com.google.android.gms:play-services-basement:18.3.0] AndroidManifest.xml:23:13-66
273
274        <activity
274-->[androidx.compose.ui:ui-test-manifest:1.6.8] AndroidManifest.xml:23:9-25:39
275            android:name="androidx.activity.ComponentActivity"
275-->[androidx.compose.ui:ui-test-manifest:1.6.8] AndroidManifest.xml:24:13-63
276            android:exported="true" />
276-->[androidx.compose.ui:ui-test-manifest:1.6.8] AndroidManifest.xml:25:13-36
277        <activity
277-->[androidx.compose.ui:ui-tooling-android:1.6.8] AndroidManifest.xml:23:9-25:39
278            android:name="androidx.compose.ui.tooling.PreviewActivity"
278-->[androidx.compose.ui:ui-tooling-android:1.6.8] AndroidManifest.xml:24:13-71
279            android:exported="true" />
279-->[androidx.compose.ui:ui-tooling-android:1.6.8] AndroidManifest.xml:25:13-36
280
281        <service
281-->[androidx.core:core-remoteviews:1.1.0] AndroidManifest.xml:24:9-27:63
282            android:name="androidx.core.widget.RemoteViewsCompatService"
282-->[androidx.core:core-remoteviews:1.1.0] AndroidManifest.xml:25:13-73